0 info it worked if it ends with ok
1 verbose cli [ '/Users/Zenkay/.nvm/versions/node/v7.0.0/bin/node',
1 verbose cli   '/Users/Zenkay/.nvm/versions/node/v7.0.0/bin/npm',
1 verbose cli   'run',
1 verbose cli   'eject' ]
2 info using npm@3.10.8
3 info using node@v7.0.0
4 verbose run-script [ 'preeject', 'eject', 'posteject' ]
5 info lifecycle empatica-client@0.1.0~preeject: empatica-client@0.1.0
6 silly lifecycle empatica-client@0.1.0~preeject: no script for preeject, continuing
7 info lifecycle empatica-client@0.1.0~eject: empatica-client@0.1.0
8 verbose lifecycle empatica-client@0.1.0~eject: unsafe-perm in lifecycle true
9 verbose lifecycle empatica-client@0.1.0~eject: PATH: /Users/Zenkay/.nvm/versions/node/v7.0.0/lib/node_modules/npm/bin/node-gyp-bin:/Users/Zenkay/Code/personals/interview-empatica/frontend/node_modules/.bin:/usr/local/heroku/bin:/Users/Zenkay/.rvm/gems/ruby-2.3.0/bin:/Users/Zenkay/.rvm/gems/ruby-2.3.0@global/bin:/Users/Zenkay/.rvm/rubies/ruby-2.3.0/bin:/Users/Zenkay/.avn/bin:/Users/Zenkay/.yarn/bin:/usr/local/sublime/bin:/usr/local/sbin:/usr/local/Cellar/php56/5.6.9/bin:/usr/local/ngrok:/usr/local/heroku/bin:/opt/local/bin:/opt/local/sbin:/usr/local/php5/bin:/usr/local/s3cmd:/Users/Zenkay/.nvm/versions/node/v7.0.0/bin:/usr/local/bin:/usr/bin:/bin:/usr/sbin:/sbin:/usr/local/git/bin:/usr/local/go/bin:/Users/Zenkay/.rvm/bin:/Developer/usr/bin:/Developer/usr/lib:/Developer/usr/include:/usr/local/mysql/bin:/usr/local/mongodb/bin:/usr/local/redis/:/usr/local/riak/bin:/usr/local/neo4j/bin:/usr/local/phantomjs/bin:/usr/local/android-sdk/tools:/usr/local/play-framework:/usr/local/scala:/usr/local/zookeeper/bin:/usr/local/storm:/usr/local/go/bin:/usr/local/phar:/usr/local/sqoop/bin:/System/Library/Frameworks/JavaVM.framework/Header:/Applications/Postgres.app/Contents/Versions/latest/bin:/Users/Zenkay/.composer/vendor/bin:/Users/Zenkay/.rvm/bin:/usr/local/go/bin
10 verbose lifecycle empatica-client@0.1.0~eject: CWD: /Users/Zenkay/Code/personals/interview-empatica/frontend
11 silly lifecycle empatica-client@0.1.0~eject: Args: [ '-c', 'react-scripts eject' ]
12 silly lifecycle empatica-client@0.1.0~eject: Returned: code: 1  signal: null
13 info lifecycle empatica-client@0.1.0~eject: Failed to exec eject script
14 verbose stack Error: empatica-client@0.1.0 eject: `react-scripts eject`
14 verbose stack Exit status 1
14 verbose stack     at EventEmitter.<anonymous> (/Users/Zenkay/.nvm/versions/node/v7.0.0/lib/node_modules/npm/lib/utils/lifecycle.js:255:16)
14 verbose stack     at emitTwo (events.js:106:13)
14 verbose stack     at EventEmitter.emit (events.js:191:7)
14 verbose stack     at ChildProcess.<anonymous> (/Users/Zenkay/.nvm/versions/node/v7.0.0/lib/node_modules/npm/lib/utils/spawn.js:40:14)
14 verbose stack     at emitTwo (events.js:106:13)
14 verbose stack     at ChildProcess.emit (events.js:191:7)
14 verbose stack     at maybeClose (internal/child_process.js:877:16)
14 verbose stack     at Process.ChildProcess._handle.onexit (internal/child_process.js:226:5)
15 verbose pkgid empatica-client@0.1.0
16 verbose cwd /Users/Zenkay/Code/personals/interview-empatica/frontend
17 error Darwin 16.5.0
18 error argv "/Users/Zenkay/.nvm/versions/node/v7.0.0/bin/node" "/Users/Zenkay/.nvm/versions/node/v7.0.0/bin/npm" "run" "eject"
19 error node v7.0.0
20 error npm  v3.10.8
21 error code ELIFECYCLE
22 error empatica-client@0.1.0 eject: `react-scripts eject`
22 error Exit status 1
23 error Failed at the empatica-client@0.1.0 eject script 'react-scripts eject'.
23 error Make sure you have the latest version of node.js and npm installed.
23 error If you do, this is most likely a problem with the empatica-client package,
23 error not with npm itself.
23 error Tell the author that this fails on your system:
23 error     react-scripts eject
23 error You can get information on how to open an issue for this project with:
23 error     npm bugs empatica-client
23 error Or if that isn't available, you can get their info via:
23 error     npm owner ls empatica-client
23 error There is likely additional logging output above.
24 verbose exit [ 1, true ]
